INFO: [VRFC 10-2263] Analyzing Verilog file "/home/kunal/AES_git/AES-Verilog/AES.v" into library xil_defaultlib
INFO: [VRFC 10-311] analyzing module AES
INFO: [VRFC 10-2263] Analyzing Verilog file "/home/kunal/AES_git/AES-Verilog/AES_Decrypt.v" into library xil_defaultlib
INFO: [VRFC 10-311] analyzing module AES_Decrypt
INFO: [VRFC 10-2263] Analyzing Verilog file "/home/kunal/AES_git/AES-Verilog/AES_Encrypt.v" into library xil_defaultlib
INFO: [VRFC 10-311] analyzing module AES_Encrypt
INFO: [VRFC 10-2263] Analyzing Verilog file "/home/kunal/E2/verif/verif.srcs/sources_1/new/TTR_keyexpansion.v" into library xil_defaultlib
INFO: [VRFC 10-311] analyzing module TTR_KeyExpansion
INFO: [VRFC 10-2263] Analyzing Verilog file "/home/kunal/AES_git/AES-Verilog/addRoundKey.v" into library xil_defaultlib
INFO: [VRFC 10-311] analyzing module addRoundKey
INFO: [VRFC 10-2263] Analyzing Verilog file "/home/kunal/AES_git/AES-Verilog/decryptRound.v" into library xil_defaultlib
INFO: [VRFC 10-311] analyzing module decryptRound
INFO: [VRFC 10-2263] Analyzing Verilog file "/home/kunal/AES_git/AES-Verilog/encryptRound.v" into library xil_defaultlib
INFO: [VRFC 10-311] analyzing module encryptRound
INFO: [VRFC 10-2263] Analyzing Verilog file "/home/kunal/AES_git/AES-Verilog/inverseMixColumns.v" into library xil_defaultlib
INFO: [VRFC 10-311] analyzing module inverseMixColumns
INFO: [VRFC 10-2263] Analyzing Verilog file "/home/kunal/AES_git/AES-Verilog/inverseSbox.v" into library xil_defaultlib
INFO: [VRFC 10-311] analyzing module inverseSbox
INFO: [VRFC 10-2263] Analyzing Verilog file "/home/kunal/AES_git/AES-Verilog/inverseShiftRows.v" into library xil_defaultlib
INFO: [VRFC 10-311] analyzing module inverseShiftRows
INFO: [VRFC 10-2263] Analyzing Verilog file "/home/kunal/AES_git/AES-Verilog/inverseSubBytes.v" into library xil_defaultlib
INFO: [VRFC 10-311] analyzing module inverseSubBytes
INFO: [VRFC 10-2263] Analyzing Verilog file "/home/kunal/AES_git/AES-Verilog/keyExpansion.v" into library xil_defaultlib
INFO: [VRFC 10-311] analyzing module keyExpansion
INFO: [VRFC 10-2263] Analyzing Verilog file "/home/kunal/E2/verif/verif.srcs/sources_1/new/majority.v" into library xil_defaultlib
INFO: [VRFC 10-311] analyzing module majority
INFO: [VRFC 10-2263] Analyzing Verilog file "/home/kunal/AES_git/AES-Verilog/mixColumns.v" into library xil_defaultlib
INFO: [VRFC 10-311] analyzing module mixColumns
INFO: [VRFC 10-2263] Analyzing Verilog file "/home/kunal/AES_git/AES-Verilog/sbox.v" into library xil_defaultlib
INFO: [VRFC 10-311] analyzing module sbox
INFO: [VRFC 10-2263] Analyzing Verilog file "/home/kunal/AES_git/AES-Verilog/shiftRows.v" into library xil_defaultlib
INFO: [VRFC 10-311] analyzing module shiftRows
INFO: [VRFC 10-2263] Analyzing Verilog file "/home/kunal/AES_git/AES-Verilog/subBytes.v" into library xil_defaultlib
INFO: [VRFC 10-311] analyzing module subBytes
INFO: [VRFC 10-2263] Analyzing Verilog file "/home/kunal/AES_git/AES-Verilog/AES_tb.v" into library xil_defaultlib
INFO: [VRFC 10-311] analyzing module AES_tb
